2017-02-04 21:43:22,464 DEBUG    root            Loaded Command Group: ['gcloud', 'info']
2017-02-04 21:43:22,507 DEBUG    root            Loaded Command Group: ['gcloud', 'feedback']
2017-02-04 21:43:22,538 DEBUG    root            Loaded Command Group: ['gcloud', 'app']
2017-02-04 21:43:22,600 DEBUG    root            Loaded Command Group: ['gcloud', 'topic']
2017-02-04 21:43:22,617 DEBUG    root            Loaded Command Group: ['gcloud', 'meta']
2017-02-04 21:43:22,642 DEBUG    root            Loaded Command Group: ['gcloud', 'datastore']
2017-02-04 21:43:22,644 DEBUG    root            Loaded Command Group: ['gcloud', 'help']
2017-02-04 21:43:22,645 DEBUG    root            Loaded Command Group: ['gcloud', 'iam']
2017-02-04 21:43:22,742 DEBUG    root            No implementation for release track [GA] in file: [/google/google-cloud-sdk/lib/surface/genomics/__init__.pyc]
2017-02-04 21:43:22,755 DEBUG    root            No implementation for release track [GA] in file: [/google/google-cloud-sdk/lib/surface/functions/__init__.pyc]
2017-02-04 21:43:23,138 DEBUG    root            Loaded Command Group: ['gcloud', 'container']
2017-02-04 21:43:23,256 DEBUG    root            No implementation for release track [GA] in file: [/google/google-cloud-sdk/lib/surface/billing/__init__.pyc]
2017-02-04 21:43:23,446 DEBUG    root            Loaded Command Group: ['gcloud', 'source']
2017-02-04 21:43:23,658 DEBUG    root            Loaded Command Group: ['gcloud', 'init']
2017-02-04 21:43:23,690 DEBUG    root            Loaded Command Group: ['gcloud', 'version']
2017-02-04 21:43:23,694 DEBUG    root            No implementation for release track [GA] in file: [/google/google-cloud-sdk/lib/surface/kms/__init__.pyc]
2017-02-04 21:43:23,720 DEBUG    root            Loaded Command Group: ['gcloud', 'projects']
2017-02-04 21:43:23,729 DEBUG    root            Loaded Command Group: ['gcloud', 'dns']
2017-02-04 21:43:23,788 DEBUG    root            No implementation for release track [GA] in file: [/google/google-cloud-sdk/lib/surface/test/__init__.pyc]
2017-02-04 21:43:23,818 DEBUG    root            Loaded Command Group: ['gcloud', 'config']
2017-02-04 21:43:23,822 DEBUG    root            No implementation for release track [GA] in file: [/google/google-cloud-sdk/lib/surface/pubsub/__init__.pyc]
2017-02-04 21:43:23,853 DEBUG    root            No implementation for release track [GA] in file: [/google/google-cloud-sdk/lib/surface/bio/__init__.pyc]
2017-02-04 21:43:23,880 DEBUG    root            No implementation for release track [GA] in file: [/google/google-cloud-sdk/lib/surface/error_reporting/__init__.pyc]
2017-02-04 21:43:23,891 DEBUG    root            No implementation for release track [GA] in file: [/google/google-cloud-sdk/lib/surface/service_registry/__init__.pyc]
2017-02-04 21:43:23,892 DEBUG    root            Loaded Command Group: ['gcloud', 'dataproc']
2017-02-04 21:43:23,918 DEBUG    root            No implementation for release track [GA] in file: [/google/google-cloud-sdk/lib/surface/emulators/__init__.pyc]
2017-02-04 21:43:23,919 DEBUG    root            Loaded Command Group: ['gcloud', 'auth']
2017-02-04 21:43:23,995 DEBUG    root            No implementation for release track [GA] in file: [/google/google-cloud-sdk/lib/surface/search_help.pyc]
2017-02-04 21:43:24,009 DEBUG    root            No implementation for release track [GA] in file: [/google/google-cloud-sdk/lib/surface/logging/__init__.pyc]
2017-02-04 21:43:24,011 DEBUG    root            Loaded Command Group: ['gcloud', 'sql']
2017-02-04 21:43:24,033 DEBUG    root            No implementation for release track [GA] in file: [/google/google-cloud-sdk/lib/surface/bigtable/__init__.pyc]
2017-02-04 21:43:24,034 DEBUG    root            No implementation for release track [GA] in file: [/google/google-cloud-sdk/lib/surface/resource_manager/__init__.pyc]
2017-02-04 21:43:24,044 DEBUG    root            Loaded Command Group: ['gcloud', 'organizations']
2017-02-04 21:43:24,049 DEBUG    root            Loaded Command Group: ['gcloud', 'compute']
2017-02-04 21:43:24,100 DEBUG    root            Loaded Command Group: ['gcloud', 'service_management']
2017-02-04 21:43:24,106 DEBUG    root            Loaded Command Group: ['gcloud', 'dataflow']
2017-02-04 21:43:24,109 DEBUG    root            No implementation for release track [GA] in file: [/google/google-cloud-sdk/lib/surface/ml/__init__.pyc]
2017-02-04 21:43:24,110 DEBUG    root            Loaded Command Group: ['gcloud', 'components']
2017-02-04 21:43:24,124 DEBUG    root            Loaded Command Group: ['gcloud', 'debug']
2017-02-04 21:43:24,130 DEBUG    root            Loaded Command Group: ['gcloud', 'docker']
2017-02-04 21:43:24,148 DEBUG    root            Loaded Command Group: ['gcloud', 'deployment_manager']
2017-02-04 21:43:24,154 ERROR    root            (gcloud) Invalid choice: 'project'. Did you mean 'projects'?
2017-02-04 21:43:24,163 DEBUG    root            Metrics reporting process started...
